<?xml version="1.0" encoding="UTF-8"?>
<coverage generated="1670868098884" clover="3.2.0">
  <project timestamp="1670868098884" name="All files">
    <metrics statements="26" coveredstatements="26" conditionals="26" coveredconditionals="26" methods="2" coveredmethods="2" elements="54" coveredelements="54" complexity="0" loc="26" ncloc="26" packages="1" files="1" classes="1"/>
    <file name="sum.js" path="C:\Users\khhh\Desktop\unitTestingTask\sum.js">
      <metrics statements="26" coveredstatements="26" conditionals="26" coveredconditionals="26" methods="2" coveredmethods="2"/>
      <line num="1" count="1" type="stmt"/>
      <line num="3" count="12" type="cond" truecount="2" falsecount="0"/>
      <line num="5" count="11" type="stmt"/>
      <line num="6" count="11" type="stmt"/>
      <line num="7" count="11" type="cond" truecount="2" falsecount="0"/>
      <line num="8" count="17" type="stmt"/>
      <line num="9" count="10" type="cond" truecount="2" falsecount="0"/>
      <line num="11" count="3" type="cond" truecount="2" falsecount="0"/>
      <line num="12" count="1" type="stmt"/>
      <line num="13" count="2" type="cond" truecount="2" falsecount="0"/>
      <line num="14" count="1" type="stmt"/>
      <line num="17" count="7" type="cond" truecount="4" falsecount="0"/>
      <line num="18" count="1" type="stmt"/>
      <line num="19" count="6" type="cond" truecount="2" falsecount="0"/>
      <line num="20" count="1" type="stmt"/>
      <line num="21" count="5" type="cond" truecount="2" falsecount="0"/>
      <line num="22" count="1" type="stmt"/>
      <line num="24" count="4" type="cond" truecount="4" falsecount="0"/>
      <line num="25" count="1" type="stmt"/>
      <line num="26" count="3" type="cond" truecount="2" falsecount="0"/>
      <line num="27" count="1" type="stmt"/>
      <line num="28" count="2" type="cond" truecount="2" falsecount="0"/>
      <line num="29" count="1" type="stmt"/>
      <line num="31" count="1" type="stmt"/>
      <line num="35" count="1" type="stmt"/>
      <line num="40" count="1" type="stmt"/>
    </file>
  </project>
</coverage>
