{"C:\\Users\\khhh\\Desktop\\unitTestingTask\\sum.js": {"path":"C:\\Users\\khhh\\Desktop\\unitTestingTask\\sum.js","statementMap":{"0":{"start":{"line":1,"column":12},"end":{"line":39,"column":1}},"1":{"start":{"line":3,"column":4},"end":{"line":36,"column":5}},"2":{"start":{"line":3,"column":28},"end":{"line":3,"column":37}},"3":{"start":{"line":5,"column":22},"end":{"line":5,"column":38}},"4":{"start":{"line":6,"column":21},"end":{"line":6,"column":35}},"5":{"start":{"line":7,"column":8},"end":{"line":35,"column":64}},"6":{"start":{"line":8,"column":12},"end":{"line":8,"column":59}},"7":{"start":{"line":8,"column":44},"end":{"line":8,"column":58}},"8":{"start":{"line":9,"column":12},"end":{"line":33,"column":13}},"9":{"start":{"line":11,"column":20},"end":{"line":12,"column":90}},"10":{"start":{"line":12,"column":24},"end":{"line":12,"column":90}},"11":{"start":{"line":13,"column":20},"end":{"line":13,"column":51}},"12":{"start":{"line":13,"column":43},"end":{"line":13,"column":51}},"13":{"start":{"line":14,"column":20},"end":{"line":14,"column":37}},"14":{"start":{"line":17,"column":20},"end":{"line":23,"column":21}},"15":{"start":{"line":18,"column":24},"end":{"line":18,"column":109}},"16":{"start":{"line":19,"column":27},"end":{"line":23,"column":21}},"17":{"start":{"line":20,"column":24},"end":{"line":20,"column":90}},"18":{"start":{"line":21,"column":27},"end":{"line":23,"column":21}},"19":{"start":{"line":22,"column":24},"end":{"line":22,"column":90}},"20":{"start":{"line":24,"column":20},"end":{"line":30,"column":21}},"21":{"start":{"line":25,"column":24},"end":{"line":25,"column":33}},"22":{"start":{"line":26,"column":27},"end":{"line":30,"column":21}},"23":{"start":{"line":27,"column":24},"end":{"line":27,"column":41}},"24":{"start":{"line":28,"column":27},"end":{"line":30,"column":21}},"25":{"start":{"line":29,"column":24},"end":{"line":29,"column":41}},"26":{"start":{"line":31,"column":20},"end":{"line":31,"column":50}},"27":{"start":{"line":35,"column":15},"end":{"line":35,"column":64}},"28":{"start":{"line":40,"column":0},"end":{"line":40,"column":21}}},"fnMap":{"0":{"name":"(anonymous_0)","decl":{"start":{"line":1,"column":12},"end":{"line":1,"column":13}},"loc":{"start":{"line":1,"column":23},"end":{"line":39,"column":1}},"line":1},"1":{"name":"(anonymous_1)","decl":{"start":{"line":8,"column":34},"end":{"line":8,"column":35}},"loc":{"start":{"line":8,"column":44},"end":{"line":8,"column":58}},"line":8}},"branchMap":{"0":{"loc":{"start":{"line":3,"column":4},"end":{"line":36,"column":5}},"type":"if","locations":[{"start":{"line":3,"column":4},"end":{"line":36,"column":5}},{"start":{"line":4,"column":9},"end":{"line":36,"column":5}}],"line":3},"1":{"loc":{"start":{"line":7,"column":8},"end":{"line":35,"column":64}},"type":"if","locations":[{"start":{"line":7,"column":8},"end":{"line":35,"column":64}},{"start":{"line":35,"column":15},"end":{"line":35,"column":64}}],"line":7},"2":{"loc":{"start":{"line":9,"column":12},"end":{"line":33,"column":13}},"type":"switch","locations":[{"start":{"line":10,"column":16},"end":{"line":15,"column":17}},{"start":{"line":16,"column":16},"end":{"line":32,"column":17}}],"line":9},"3":{"loc":{"start":{"line":11,"column":20},"end":{"line":12,"column":90}},"type":"if","locations":[{"start":{"line":11,"column":20},"end":{"line":12,"column":90}},{"start":{},"end":{}}],"line":11},"4":{"loc":{"start":{"line":13,"column":20},"end":{"line":13,"column":51}},"type":"if","locations":[{"start":{"line":13,"column":20},"end":{"line":13,"column":51}},{"start":{},"end":{}}],"line":13},"5":{"loc":{"start":{"line":17,"column":20},"end":{"line":23,"column":21}},"type":"if","locations":[{"start":{"line":17,"column":20},"end":{"line":23,"column":21}},{"start":{"line":19,"column":27},"end":{"line":23,"column":21}}],"line":17},"6":{"loc":{"start":{"line":17,"column":24},"end":{"line":17,"column":56}},"type":"binary-expr","locations":[{"start":{"line":17,"column":24},"end":{"line":17,"column":38}},{"start":{"line":17,"column":42},"end":{"line":17,"column":56}}],"line":17},"7":{"loc":{"start":{"line":19,"column":27},"end":{"line":23,"column":21}},"type":"if","locations":[{"start":{"line":19,"column":27},"end":{"line":23,"column":21}},{"start":{"line":21,"column":27},"end":{"line":23,"column":21}}],"line":19},"8":{"loc":{"start":{"line":21,"column":27},"end":{"line":23,"column":21}},"type":"if","locations":[{"start":{"line":21,"column":27},"end":{"line":23,"column":21}},{"start":{},"end":{}}],"line":21},"9":{"loc":{"start":{"line":24,"column":20},"end":{"line":30,"column":21}},"type":"if","locations":[{"start":{"line":24,"column":20},"end":{"line":30,"column":21}},{"start":{"line":26,"column":27},"end":{"line":30,"column":21}}],"line":24},"10":{"loc":{"start":{"line":24,"column":24},"end":{"line":24,"column":62}},"type":"binary-expr","locations":[{"start":{"line":24,"column":24},"end":{"line":24,"column":41}},{"start":{"line":24,"column":45},"end":{"line":24,"column":62}}],"line":24},"11":{"loc":{"start":{"line":26,"column":27},"end":{"line":30,"column":21}},"type":"if","locations":[{"start":{"line":26,"column":27},"end":{"line":30,"column":21}},{"start":{"line":28,"column":27},"end":{"line":30,"column":21}}],"line":26},"12":{"loc":{"start":{"line":28,"column":27},"end":{"line":30,"column":21}},"type":"if","locations":[{"start":{"line":28,"column":27},"end":{"line":30,"column":21}},{"start":{},"end":{}}],"line":28}},"s":{"0":1,"1":12,"2":1,"3":11,"4":11,"5":11,"6":10,"7":17,"8":10,"9":3,"10":1,"11":2,"12":1,"13":1,"14":7,"15":1,"16":6,"17":1,"18":5,"19":1,"20":4,"21":1,"22":3,"23":1,"24":2,"25":1,"26":1,"27":1,"28":1},"f":{"0":12,"1":17},"b":{"0":[1,11],"1":[10,1],"2":[3,7],"3":[1,2],"4":[1,1],"5":[1,6],"6":[7,2],"7":[1,5],"8":[1,4],"9":[1,3],"10":[4,2],"11":[1,2],"12":[1,1]},"_coverageSchema":"1a1c01bbd47fc00a2c39e90264f33305004495a9","hash":"5097054d672f54adfbe284d50689bf68de26e61a"}
}
