TN:
SF:sum.js
FN:1,(anonymous_0)
FN:8,(anonymous_1)
FNF:2
FNH:2
FNDA:12,(anonymous_0)
FNDA:17,(anonymous_1)
DA:1,1
DA:3,12
DA:5,11
DA:6,11
DA:7,11
DA:8,17
DA:9,10
DA:11,3
DA:12,1
DA:13,2
DA:14,1
DA:17,7
DA:18,1
DA:19,6
DA:20,1
DA:21,5
DA:22,1
DA:24,4
DA:25,1
DA:26,3
DA:27,1
DA:28,2
DA:29,1
DA:31,1
DA:35,1
DA:40,1
LF:26
LH:26
BRDA:3,0,0,1
BRDA:3,0,1,11
BRDA:7,1,0,10
BRDA:7,1,1,1
BRDA:9,2,0,3
BRDA:9,2,1,7
BRDA:11,3,0,1
BRDA:11,3,1,2
BRDA:13,4,0,1
BRDA:13,4,1,1
BRDA:17,5,0,1
BRDA:17,5,1,6
BRDA:17,6,0,7
BRDA:17,6,1,2
BRDA:19,7,0,1
BRDA:19,7,1,5
BRDA:21,8,0,1
BRDA:21,8,1,4
BRDA:24,9,0,1
BRDA:24,9,1,3
BRDA:24,10,0,4
BRDA:24,10,1,2
BRDA:26,11,0,1
BRDA:26,11,1,2
BRDA:28,12,0,1
BRDA:28,12,1,1
BRF:26
BRH:26
end_of_record
